<?xml version="1.0" encoding="UTF-8"?>
<testng-results skipped="0" failed="0" ignored="0" total="2" passed="2">
  <reporter-output>
  </reporter-output>
  <suite name="tests.AppTest" duration-ms="80" started-at="2021-03-14T15:59:51 IST" finished-at="2021-03-14T15:59:51 IST">
    <groups>
    </groups>
    <test name="Command line test" duration-ms="80" started-at="2021-03-14T15:59:51 IST" finished-at="2021-03-14T15:59:51 IST">
      <class name="tests.AppTest">
        <test-method status="PASS" signature="addTest()[pri:0, instance:tests.AppTest@475530b9]" name="addTest" duration-ms="11" started-at="2021-03-14T15:59:51 IST" finished-at="2021-03-14T15:59:51 IST">
          <reporter-output>
          </reporter-output>
        </test-method> <!-- addTest -->
        <test-method status="PASS" signature="subTest()[pri:0, instance:tests.AppTest@475530b9]" name="subTest" duration-ms="1" started-at="2021-03-14T15:59:51 IST" finished-at="2021-03-14T15:59:51 IST">
          <reporter-output>
          </reporter-output>
        </test-method> <!-- subTest -->
      </class> <!-- tests.AppTest -->
    </test> <!-- Command line test -->
  </suite> <!-- tests.AppTest -->
</testng-results>
